0 verbose cli /usr/local/bin/node /usr/local/bin/npm
1 info using npm@9.2.0
2 info using node@v19.4.0
3 timing npm:load:whichnode Completed in 0ms
4 timing config:load:defaults Completed in 2ms
5 timing config:load:file:/usr/local/lib/node_modules/npm/npmrc Completed in 1ms
6 timing config:load:builtin Completed in 2ms
7 timing config:load:cli Completed in 1ms
8 timing config:load:env Completed in 0ms
9 timing config:load:project Completed in 10ms
10 timing config:load:file:/home/node/.npmrc Completed in 0ms
11 timing config:load:user Completed in 0ms
12 timing config:load:file:/usr/local/etc/npmrc Completed in 0ms
13 timing config:load:global Completed in 1ms
14 timing config:load:setEnvs Completed in 1ms
15 timing config:load Completed in 17ms
16 timing npm:load:configload Completed in 17ms
17 timing npm:load:mkdirpcache Completed in 1ms
18 timing npm:load:mkdirplogs Completed in 0ms
19 verbose title npm install express
20 verbose argv "install" "express"
21 timing npm:load:setTitle Completed in 2ms
22 timing config:load:flatten Completed in 2ms
23 timing npm:load:display Completed in 2ms
24 verbose logfile logs-max:10 dir:/home/node/.npm/_logs/2023-01-11T14_46_47_078Z-
25 verbose logfile /home/node/.npm/_logs/2023-01-11T14_46_47_078Z-debug-0.log
26 timing npm:load:logFile Completed in 4ms
27 timing npm:load:timers Completed in 0ms
28 timing npm:load:configScope Completed in 0ms
29 timing npm:load Completed in 27ms
30 silly logfile start cleaning logs, removing 1 files
31 timing config:load:flatten Completed in 0ms
32 timing arborist:ctor Completed in 1ms
33 silly logfile done cleaning log files
34 timing idealTree:init Completed in 66ms
35 timing idealTree:userRequests Completed in 2ms
36 silly idealTree buildDeps
37 silly fetch manifest express@^4.18.2
38 timing arborist:ctor Completed in 0ms
39 http fetch GET 200 https://registry.npmjs.org/express 51ms (cache hit)
40 silly placeDep ROOT express@4.18.2 REPLACE for:  want: ^4.18.2
41 timing idealTree:#root Completed in 64ms
42 timing idealTree:node_modules/express Completed in 0ms
43 timing idealTree:buildDeps Completed in 65ms
44 timing idealTree:fixDepFlags Completed in 1ms
45 timing idealTree Completed in 137ms
46 timing reify:loadTrees Completed in 137ms
47 timing reify:diffTrees Completed in 2ms
48 silly reify moves {}
49 timing reify:retireShallow Completed in 1ms
50 timing reify:createSparse Completed in 0ms
51 timing reify:trashOmits Completed in 0ms
52 timing reify:loadBundles Completed in 0ms
53 silly audit bulk request {
53 silly audit   accepts: [ '1.3.8' ],
53 silly audit   'array-flatten': [ '1.1.1' ],
53 silly audit   'bignumber.js': [ '9.0.0' ],
53 silly audit   'body-parser': [ '1.20.1' ],
53 silly audit   'iconv-lite': [ '0.4.24', '0.6.3' ],
53 silly audit   bytes: [ '3.1.2' ],
53 silly audit   'call-bind': [ '1.0.2' ],
53 silly audit   'content-disposition': [ '0.5.4' ],
53 silly audit   'safe-buffer': [ '5.2.1', '5.1.2' ],
53 silly audit   'content-type': [ '1.0.4' ],
53 silly audit   cookie: [ '0.5.0' ],
53 silly audit   'cookie-signature': [ '1.0.6' ],
53 silly audit   'core-util-is': [ '1.0.3' ],
53 silly audit   debug: [ '2.6.9' ],
53 silly audit   denque: [ '2.1.0' ],
53 silly audit   depd: [ '2.0.0' ],
53 silly audit   destroy: [ '1.2.0' ],
53 silly audit   'ee-first': [ '1.1.1' ],
53 silly audit   encodeurl: [ '1.0.2' ],
53 silly audit   'escape-html': [ '1.0.3' ],
53 silly audit   etag: [ '1.8.1' ],
53 silly audit   finalhandler: [ '1.2.0' ],
53 silly audit   forwarded: [ '0.2.0' ],
53 silly audit   fresh: [ '0.5.2' ],
53 silly audit   'function-bind': [ '1.1.1' ],
53 silly audit   'generate-function': [ '2.3.1' ],
53 silly audit   'get-intrinsic': [ '1.1.3' ],
53 silly audit   has: [ '1.0.3' ],
53 silly audit   'has-symbols': [ '1.0.3' ],
53 silly audit   'http-errors': [ '2.0.0' ],
53 silly audit   inherits: [ '2.0.4' ],
53 silly audit   'ipaddr.js': [ '1.9.1' ],
53 silly audit   'is-property': [ '1.0.2' ],
53 silly audit   isarray: [ '1.0.0' ],
53 silly audit   long: [ '4.0.0' ],
53 silly audit   'lru-cache': [ '6.0.0', '4.1.5' ],
53 silly audit   'media-typer': [ '0.3.0' ],
53 silly audit   'merge-descriptors': [ '1.0.1' ],
53 silly audit   methods: [ '1.1.2' ],
53 silly audit   mime: [ '1.6.0' ],
53 silly audit   'mime-db': [ '1.52.0' ],
53 silly audit   'mime-types': [ '2.1.35' ],
53 silly audit   ms: [ '2.0.0', '2.1.3' ],
53 silly audit   mysql: [ '2.18.1' ],
53 silly audit   mysql2: [ '2.3.3' ],
53 silly audit   sqlstring: [ '2.3.3', '2.3.1' ],
53 silly audit   'named-placeholders': [ '1.1.2' ],
53 silly audit   yallist: [ '2.1.2', '4.0.0' ],
53 silly audit   negotiator: [ '0.6.3' ],
53 silly audit   'object-inspect': [ '1.12.2' ],
53 silly audit   'on-finished': [ '2.4.1' ],
53 silly audit   parseurl: [ '1.3.3' ],
53 silly audit   'path-to-regexp': [ '0.1.7' ],
53 silly audit   'process-nextick-args': [ '2.0.1' ],
53 silly audit   'proxy-addr': [ '2.0.7' ],
53 silly audit   pseudomap: [ '1.0.2' ],
53 silly audit   qs: [ '6.11.0' ],
53 silly audit   'range-parser': [ '1.2.1' ],
53 silly audit   'raw-body': [ '2.5.1' ],
53 silly audit   'readable-stream': [ '2.3.7' ],
53 silly audit   'safer-buffer': [ '2.1.2' ],
53 silly audit   send: [ '0.18.0' ],
53 silly audit   'seq-queue': [ '0.0.5' ],
53 silly audit   'serve-static': [ '1.15.0' ],
53 silly audit   setprototypeof: [ '1.2.0' ],
53 silly audit   'side-channel': [ '1.0.4' ],
53 silly audit   statuses: [ '2.0.1' ],
53 silly audit   string_decoder: [ '1.1.1' ],
53 silly audit   toidentifier: [ '1.0.1' ],
53 silly audit   'type-is': [ '1.6.18' ],
53 silly audit   unpipe: [ '1.0.0' ],
53 silly audit   'util-deprecate': [ '1.0.2' ],
53 silly audit   'utils-merge': [ '1.0.1' ],
53 silly audit   vary: [ '1.1.2' ],
53 silly audit   express: [ '4.18.2' ]
53 silly audit }
54 timing reify:unpack Completed in 1ms
55 timing reify:unretire Completed in 0ms
56 timing build:queue Completed in 0ms
57 timing build:deps Completed in 0ms
58 timing build Completed in 1ms
59 timing reify:build Completed in 2ms
60 timing reify:trash Completed in 0ms
61 timing reify:save Completed in 18ms
62 http fetch POST 200 https://registry.npmjs.org/-/npm/v1/security/advisories/bulk 919ms
63 timing auditReport:getReport Completed in 923ms
64 silly audit report {
64 silly audit report   debug: [
64 silly audit report     {
64 silly audit report       id: 1087958,
64 silly audit report       url: 'https://github.com/advisories/GHSA-9vvw-cc9w-f27h',
64 silly audit report       title: 'debug Inefficient Regular Expression Complexity vulnerability',
64 silly audit report       severity: 'low',
64 silly audit report       vulnerable_versions: '<3.1.0',
64 silly audit report       cwe: [Array],
64 silly audit report       cvss: [Object]
64 silly audit report     }
64 silly audit report   ]
64 silly audit report }
65 timing metavuln:cache:get:security-advisory:debug:2n6Yyebuuv2k5plddLe8TDdFpfs0A59RMop/MyA7Qb2ZoUj6UH2so/mTy4WG0GBI6r2HAuYpdSmZqmJGezs8eQ== Completed in 5ms
66 http fetch GET 200 https://registry.npmjs.org/debug 8ms (cache hit)
67 timing metavuln:packument:debug Completed in 9ms
68 timing metavuln:load:security-advisory:debug:1087958 Completed in 0ms
69 timing metavuln:calculate:security-advisory:debug:1087958 Completed in 11ms
70 timing metavuln:packument:express Completed in 1ms
71 timing metavuln:cache:get:security-advisory:body-parser:gn0kHhJ/hyLXf91Mq4KWTbP5ob5NvxbrDYqc40BlkT8U74QJlrVc1JCDC+VyO/pt6KhQi9pQCZ4+kR4pHyb1gQ== Completed in 7ms
72 timing metavuln:cache:get:security-advisory:finalhandler:MHd6BWx1YCKsd6mbAgaY9TgO0Rf1+YkPU199l4YWfhIt/S+y7+ND1c5lyAbHjp1keLC3KDdSHgHLiMHZm90J0g== Completed in 6ms
73 timing metavuln:cache:get:security-advisory:send:/qaiQiviGSLyGYIFwYOAPPQDbhlUFVsa298fOrUivfqnpU1OOra/oOo9bpf+iGxQ9uVeRT/G8hWObaC7mwJx1w== Completed in 6ms
74 timing metavuln:cache:get:security-advisory:express:4uDTC05tEaFABSyCwKhNrggXyc/TgW441QQ8IpAFQEM7cueGa3I5byBiDkyvglt7t4aXdPoqwUvH9/DzP8BpLw== Completed in 7ms
75 timing metavuln:load:security-advisory:express:2n6Yyebuuv2k5plddLe8TDdFpfs0A59RMop/MyA7Qb2ZoUj6UH2so/mTy4WG0GBI6r2HAuYpdSmZqmJGezs8eQ== Completed in 2ms
76 timing metavuln:calculate:security-advisory:express:2n6Yyebuuv2k5plddLe8TDdFpfs0A59RMop/MyA7Qb2ZoUj6UH2so/mTy4WG0GBI6r2HAuYpdSmZqmJGezs8eQ== Completed in 9ms
77 http fetch GET 200 https://registry.npmjs.org/send 17ms (cache hit)
78 timing metavuln:packument:send Completed in 18ms
79 timing metavuln:load:security-advisory:send:2n6Yyebuuv2k5plddLe8TDdFpfs0A59RMop/MyA7Qb2ZoUj6UH2so/mTy4WG0GBI6r2HAuYpdSmZqmJGezs8eQ== Completed in 0ms
80 timing metavuln:calculate:security-advisory:send:2n6Yyebuuv2k5plddLe8TDdFpfs0A59RMop/MyA7Qb2ZoUj6UH2so/mTy4WG0GBI6r2HAuYpdSmZqmJGezs8eQ== Completed in 18ms
81 http fetch GET 200 https://registry.npmjs.org/finalhandler 20ms (cache hit)
82 timing metavuln:packument:finalhandler Completed in 21ms
83 timing metavuln:load:security-advisory:finalhandler:2n6Yyebuuv2k5plddLe8TDdFpfs0A59RMop/MyA7Qb2ZoUj6UH2so/mTy4WG0GBI6r2HAuYpdSmZqmJGezs8eQ== Completed in 0ms
84 timing metavuln:calculate:security-advisory:finalhandler:2n6Yyebuuv2k5plddLe8TDdFpfs0A59RMop/MyA7Qb2ZoUj6UH2so/mTy4WG0GBI6r2HAuYpdSmZqmJGezs8eQ== Completed in 21ms
85 http fetch GET 200 https://registry.npmjs.org/body-parser 23ms (cache hit)
86 timing metavuln:packument:body-parser Completed in 23ms
87 timing metavuln:load:security-advisory:body-parser:2n6Yyebuuv2k5plddLe8TDdFpfs0A59RMop/MyA7Qb2ZoUj6UH2so/mTy4WG0GBI6r2HAuYpdSmZqmJGezs8eQ== Completed in 0ms
88 timing metavuln:calculate:security-advisory:body-parser:2n6Yyebuuv2k5plddLe8TDdFpfs0A59RMop/MyA7Qb2ZoUj6UH2so/mTy4WG0GBI6r2HAuYpdSmZqmJGezs8eQ== Completed in 24ms
89 timing metavuln:cache:get:security-advisory:serve-static:EXvoV2lmNCKt/FQEEuz0O4du9l73Fw7cf/OWjNxkyxYyd1z+SPRfE348NoSu8DI+In2iamzJr1HSmQEXT7WmgA== Completed in 3ms
90 timing metavuln:cache:get:security-advisory:express:LTshsc4UM4DKQXu9e0R3XTC+rL60JxFnOd/1PgPCY1Aliltx7iCkdtljwYoMYtlw59Iv47rnvK49xPhfr6sBiA== Completed in 2ms
91 timing metavuln:load:security-advisory:express:/qaiQiviGSLyGYIFwYOAPPQDbhlUFVsa298fOrUivfqnpU1OOra/oOo9bpf+iGxQ9uVeRT/G8hWObaC7mwJx1w== Completed in 1ms
92 timing metavuln:calculate:security-advisory:express:/qaiQiviGSLyGYIFwYOAPPQDbhlUFVsa298fOrUivfqnpU1OOra/oOo9bpf+iGxQ9uVeRT/G8hWObaC7mwJx1w== Completed in 3ms
93 http fetch GET 200 https://registry.npmjs.org/serve-static 10ms (cache hit)
94 timing metavuln:packument:serve-static Completed in 10ms
95 timing metavuln:load:security-advisory:serve-static:/qaiQiviGSLyGYIFwYOAPPQDbhlUFVsa298fOrUivfqnpU1OOra/oOo9bpf+iGxQ9uVeRT/G8hWObaC7mwJx1w== Completed in 1ms
96 timing metavuln:calculate:security-advisory:serve-static:/qaiQiviGSLyGYIFwYOAPPQDbhlUFVsa298fOrUivfqnpU1OOra/oOo9bpf+iGxQ9uVeRT/G8hWObaC7mwJx1w== Completed in 11ms
97 timing metavuln:cache:get:security-advisory:express:TBy7Lq8qa2hxNY0a4wNtf5jwUVCI25S8jIYfHLacSUb7SU1aMiMBUX6VfSbZo8x6BQg2EhJR80opXZo+36//Yg== Completed in 2ms
98 timing metavuln:load:security-advisory:express:MHd6BWx1YCKsd6mbAgaY9TgO0Rf1+YkPU199l4YWfhIt/S+y7+ND1c5lyAbHjp1keLC3KDdSHgHLiMHZm90J0g== Completed in 1ms
99 timing metavuln:calculate:security-advisory:express:MHd6BWx1YCKsd6mbAgaY9TgO0Rf1+YkPU199l4YWfhIt/S+y7+ND1c5lyAbHjp1keLC3KDdSHgHLiMHZm90J0g== Completed in 3ms
100 timing metavuln:cache:get:security-advisory:express:W7jWWvq3BIVgk3lY1FD4rzQCcpMYhLJ+PdcjoqBrLt1zFTmoEd13NZp6W6NBZn25YhW0gM8O/Mcns8bgksBc5g== Completed in 2ms
101 timing metavuln:load:security-advisory:express:gn0kHhJ/hyLXf91Mq4KWTbP5ob5NvxbrDYqc40BlkT8U74QJlrVc1JCDC+VyO/pt6KhQi9pQCZ4+kR4pHyb1gQ== Completed in 0ms
102 timing metavuln:calculate:security-advisory:express:gn0kHhJ/hyLXf91Mq4KWTbP5ob5NvxbrDYqc40BlkT8U74QJlrVc1JCDC+VyO/pt6KhQi9pQCZ4+kR4pHyb1gQ== Completed in 3ms
103 timing metavuln:cache:get:security-advisory:express:y9cFeC7lXdmsnAQR455hk2RC2Spq+8hIy0z/6PELEv3njMX/0VCt2BSH1hEMxOHNR6+SZ842yJDPf3vF0dQPfg== Completed in 1ms
104 timing metavuln:load:security-advisory:express:EXvoV2lmNCKt/FQEEuz0O4du9l73Fw7cf/OWjNxkyxYyd1z+SPRfE348NoSu8DI+In2iamzJr1HSmQEXT7WmgA== Completed in 0ms
105 timing metavuln:calculate:security-advisory:express:EXvoV2lmNCKt/FQEEuz0O4du9l73Fw7cf/OWjNxkyxYyd1z+SPRfE348NoSu8DI+In2iamzJr1HSmQEXT7WmgA== Completed in 2ms
106 timing auditReport:init Completed in 108ms
107 timing reify:audit Completed in 1031ms
108 timing reify Completed in 1176ms
109 timing command:install Completed in 1190ms
110 verbose exit 0
111 timing npm Completed in 1230ms
112 info ok
